#
# There is insufficient memory for the Java Runtime Environment to continue.
# Native memory allocation (malloc) failed to allocate 1048576 bytes for AllocateHeap
# Possible reasons:
#   The system is out of physical RAM or swap space
#   In 32 bit mode, the process size limit was hit
# Possible solutions:
#   Reduce memory load on the system
#   Increase physical memory or swap space
#   Check if swap backing store is full
#   Use 64 bit Java on a 64 bit OS
#   Decrease Java heap size (-Xmx/-Xms)
#   Decrease number of Java threads
#   Decrease Java thread stack sizes (-Xss)
#   Set larger code cache with -XX:ReservedCodeCacheSize=
# This output file may be truncated or incomplete.
#
#  Out of Memory Error (memory/allocation.inline.hpp:61), pid=3388, tid=4640
#
# JRE version:  (8.0_45-b15) (build )
# Java VM: Java HotSpot(TM) 64-Bit Server VM (25.45-b02 mixed mode windows-amd64 compressed oops)
# Failed to write core dump. Minidumps are not enabled by default on client versions of Windows
#

---------------  T H R E A D  ---------------

Current thread (0x00000000021be000):  JavaThread "Unknown thread" [_thread_in_vm, id=4640, stack(0x0000000002550000,0x0000000002650000)]

Stack: [0x0000000002550000,0x0000000002650000]
Native frames: (J=compiled Java code, j=interpreted, Vv=VM code, C=native code)
V  [jvm.dll+0x32b57a]


---------------  P R O C E S S  ---------------

Java Threads: ( => current thread )

Other Threads:

=>0x00000000021be000 (exited) JavaThread "Unknown thread" [_thread_in_vm, id=4640, stack(0x0000000002550000,0x0000000002650000)]

VM state:not at safepoint (normal execution)

VM Mutex/Monitor currently owned by a thread: None

Heap:
 PSYoungGen      total 18944K, used 327K [0x00000000eab00000, 0x00000000ec000000, 0x0000000100000000)
  eden space 16384K, 2% used [0x00000000eab00000,0x00000000eab51ec8,0x00000000ebb00000)
  from space 2560K, 0% used [0x00000000ebd80000,0x00000000ebd80000,0x00000000ec000000)
  to   space 2560K, 0% used [0x00000000ebb00000,0x00000000ebb00000,0x00000000ebd80000)
 ParOldGen       total 44032K, used 0K [0x00000000c0000000, 0x00000000c2b00000, 0x00000000eab00000)
  object space 44032K, 0% used [0x00000000c0000000,0x00000000c0000000,0x00000000c2b00000)
 Metaspace       used 766K, capacity 4480K, committed 4480K, reserved 1056768K
  class space    used 75K, capacity 384K, committed 384K, reserved 1048576K

Card table byte_map: [0x0000000011ce0000,0x0000000011ef0000] byte_map_base: 0x00000000116e0000

Marking Bits: (ParMarkBitMap*) 0x0000000070114040
 Begin Bits: [0x0000000012b30000, 0x0000000013b30000)
 End Bits:   [0x0000000013b30000, 0x0000000014b30000)

Polling page: 0x0000000000140000

CodeCache: size=245760Kb used=327Kb max_used=327Kb free=245432Kb
 bounds [0x0000000002920000, 0x0000000002b90000, 0x0000000011920000]
 total_blobs=56 nmethods=0 adapters=37
 compilation: enabled

Compilation events (0 events):
No events

GC Heap History (0 events):
No events

Deoptimization events (0 events):
No events

Internal exceptions (0 events):
No events

Events (10 events):
Event: 0.020 loading class java/lang/Short
Event: 0.020 loading class java/lang/Short done
Event: 0.020 loading class java/lang/Integer
Event: 0.020 loading class java/lang/Integer done
Event: 0.020 loading class java/lang/Long
Event: 0.020 loading class java/lang/Long done
Event: 0.021 loading class java/lang/NullPointerException
Event: 0.021 loading class java/lang/NullPointerException done
Event: 0.021 loading class java/lang/ArithmeticException
Event: 0.021 loading class java/lang/ArithmeticException done


Dynamic libraries:
0x000000013fa40000 - 0x000000013fa77000 	C:\Program Files\Java\jdk1.8.0_45\bin\java.exe
0x0000000077c50000 - 0x0000000077dfb000 	C:\Windows\SYSTEM32\ntdll.dll
0x0000000077b30000 - 0x0000000077c4f000 	C:\Windows\system32\kernel32.dll
0x000007fefdf10000 - 0x000007fefdf7b000 	C:\Windows\system32\KERNELBASE.dll
0x000007feffcf0000 - 0x000007feffdcb000 	C:\Windows\system32\ADVAPI32.dll
0x000007fefe6e0000 - 0x000007fefe77f000 	C:\Windows\system32\msvcrt.dll
0x000007feffe00000 - 0x000007feffe1f000 	C:\Windows\SYSTEM32\sechost.dll
0x000007fefe8c0000 - 0x000007fefe9ee000 	C:\Windows\system32\RPCRT4.dll
0x0000000077a30000 - 0x0000000077b2a000 	C:\Windows\system32\USER32.dll
0x000007fefdf80000 - 0x000007fefdfe7000 	C:\Windows\system32\GDI32.dll
0x000007feffb40000 - 0x000007feffb4e000 	C:\Windows\system32\LPK.dll
0x000007fefe610000 - 0x000007fefe6da000 	C:\Windows\system32\USP10.dll
0x000007fefc270000 - 0x000007fefc464000 	C:\Windows\WinSxS\amd64_microsoft.windows.common-controls_6595b64144ccf1df_6.0.7600.16385_none_fa645303170382f6\COMCTL32.dll
0x000007fefe590000 - 0x000007fefe601000 	C:\Windows\system32\SHLWAPI.dll
0x000007feffdd0000 - 0x000007feffdfe000 	C:\Windows\system32\IMM32.DLL
0x000007fefe1d0000 - 0x000007fefe2d9000 	C:\Windows\system32\MSCTF.dll
0x000000006a780000 - 0x000000006a852000 	C:\Program Files\Java\jdk1.8.0_45\jre\bin\msvcr100.dll
0x000000006f910000 - 0x0000000070193000 	C:\Program Files\Java\jdk1.8.0_45\jre\bin\server\jvm.dll
0x000007feea1c0000 - 0x000007feea1c9000 	C:\Windows\system32\WSOCK32.dll
0x000007fefe2e0000 - 0x000007fefe32d000 	C:\Windows\system32\WS2_32.dll
0x000007fefe8b0000 - 0x000007fefe8b8000 	C:\Windows\system32\NSI.dll
0x000007fef9980000 - 0x000007fef99bb000 	C:\Windows\system32\WINMM.dll
0x000007fefccd0000 - 0x000007fefccdc000 	C:\Windows\system32\VERSION.dll
0x0000000077e10000 - 0x0000000077e17000 	C:\Windows\system32\PSAPI.DLL
0x000000006f820000 - 0x000000006f82f000 	C:\Program Files\Java\jdk1.8.0_45\jre\bin\verify.dll
0x000000006f7f0000 - 0x000000006f819000 	C:\Program Files\Java\jdk1.8.0_45\jre\bin\java.dll
0x000000006f7d0000 - 0x000000006f7e6000 	C:\Program Files\Java\jdk1.8.0_45\jre\bin\zip.dll

VM Arguments:
jvm_args: -Xmx1024M -Dfile.encoding=windows-1252 -Duser.country=ES -Duser.language=es -Duser.variant 
java_command: com.android.dx.command.Main --dex --output D:\workspace\Android_Ejercicios\MyApplication2\app\build\intermediates\dex\debug D:\workspace\Android_Ejercicios\MyApplication2\app\build\intermediates\classes\debug D:\workspace\Android_Ejercicios\MyApplication2\app\build\intermediates\pre-dexed\debug\support-annotations-22.2.0-73171bafcbfdabe39af9af8362742ad05d955025.jar D:\workspace\Android_Ejercicios\MyApplication2\app\build\intermediates\pre-dexed\debug\classes-a634317c1ce75c2018947986af7af4f204d59c3b.jar D:\workspace\Android_Ejercicios\MyApplication2\app\build\intermediates\pre-dexed\debug\internal_impl-22.2.0-1866a4ded10f1250d7a2e4fc95f2feb005a4fe71.jar D:\workspace\Android_Ejercicios\MyApplication2\app\build\intermediates\pre-dexed\debug\classes-5e9d707e321efe2c9c777718cf376f9fa3dafb5c.jar D:\workspace\Android_Ejercicios\MyApplication2\app\build\intermediates\pre-dexed\debug\classes-cf8e646a8f0f83115203570b643494d38338cab4.jar
java_class_path (initial): C:\Users\Herras\AppData\Local\Android\sdk\build-tools\22.0.1\lib\dx.jar
Launcher Type: SUN_STANDARD

Environment Variables:
PATH=C:\Python27\;C:\Python27\Scripts;C:\ProgramData\Oracle\Java\javapath;C:\Program Files (x86)\AMD APP\bin\x86_64;C:\Program Files (x86)\AMD APP\bin\x86;C:\Windows\system32;C:\Windows;C:\Windows\System32\Wbem;C:\Windows\System32\WindowsPowerShell\v1.0\;C:\Program Files (x86)\ATI Technologies\ATI.ACE\Core-Static;C:\Program Files (x86)\AMD\ATI.ACE\Core-Static
USERNAME=Herras
OS=Windows_NT
PROCESSOR_IDENTIFIER=AMD64 Family 21 Model 2 Stepping 0, AuthenticAMD



---------------  S Y S T E M  ---------------

OS: Windows 7 , 64 bit Build 7600 (6.1.7600.16385)

CPU:total 8 (8 cores per cpu, 1 threads per core) family 21 model 2 stepping 0, cmov, cx8, fxsr, mmx, sse, sse2, sse3, ssse3, sse4.1, sse4.2, popcnt, aes, clmul, mmxext, 3dnowpref, lzcnt, sse4a, tsc, tscinvbit, tscinv, bmi1

Memory: 4k page, physical 4141396k(259028k free), swap 5188076k(5120k free)

vm_info: Java HotSpot(TM) 64-Bit Server VM (25.45-b02) for windows-amd64 JRE (1.8.0_45-b15), built on Apr 30 2015 12:40:44 by "java_re" with MS VC++ 10.0 (VS2010)

time: Thu Jul 02 14:35:56 2015
elapsed time: 0 seconds (0d 0h 0m 0s)

